Discriminator Loss  1.203762173652649
Fake Accuracy  0.0
Real Accuracy  1.0
mean discrim rew =  1918.329874753952
mean discrim adv =  -5.89407593512442
Mean returns per traj :  [0.9230769230769231, 0.6153846153846154, 0.9230769230769231, -0.6923076923076923]
Std returns per traj :  [1.071414482860317, 0.737820234355803, 0.6153846153846154, 0.6056929133855239]
Discriminator Loss  1.2008544206619263
Fake Accuracy  0.0
Real Accuracy  1.0
mean discrim rew =  1915.0195603370667
mean discrim adv =  -9.303607433801517
Mean returns per traj :  [1.1538461538461537, 1.6153846153846154, 0.6923076923076923, -0.6923076923076923]
Std returns per traj :  [1.1665962221617772, 1.002954216185023, 0.8213137116947161, 1.1357556200179537]
Discriminator Loss  1.1982249021530151
Fake Accuracy  0.0
Real Accuracy  1.0
mean discrim rew =  1913.168007850647
mean discrim adv =  -11.210524898488075
Mean returns per traj :  [1.3846153846153846, 0.6923076923076923, 1.1538461538461537, -0.6153846153846154]
Std returns per traj :  [1.146128032750103, 0.6056929133855239, 0.6617173282340483, 0.8355984993230935]
Discriminator Loss  1.2005380392074585
Fake Accuracy  0.0
Real Accuracy  1.0
mean discrim rew =  1912.2323262691498
mean discrim adv =  -13.194590668659657
Mean returns per traj :  [1.0, 1.1538461538461537, 0.7692307692307693, -0.8461538461538461]
Std returns per traj :  [0.9607689228305228, 1.026281851086641, 0.696568087549032, 0.8634593969478325]
Discriminator Loss  1.1964393854141235
Fake Accuracy  0.0
Real Accuracy  1.0
mean discrim rew =  1904.1120238304138
mean discrim adv =  -14.193652166053653
Mean returns per traj :  [1.0, 1.0769230769230769, 0.8461538461538461, -0.5384615384615384]
Std returns per traj :  [0.6793662204867574, 0.9166442529086912, 0.8634593969478326, 0.7457969011409737]
Discriminator Loss  1.1956497430801392
Fake Accuracy  0.0
Real Accuracy  1.0
mean discrim rew =  1905.6614270210266
mean discrim adv =  -18.172886738553643
Mean returns per traj :  [0.5384615384615384, 1.0, 1.1538461538461537, -0.6153846153846154]
Std returns per traj :  [0.6343239424027171, 1.0377490433255416, 0.8634593969478327, 0.9230769230769231]
Discriminator Loss  1.1950634717941284
Fake Accuracy  0.0
Real Accuracy  1.0
mean discrim rew =  1903.255390882492
mean discrim adv =  -21.70325221773237
Mean returns per traj :  [1.0769230769230769, 0.6923076923076923, 0.9230769230769231, -0.3076923076923077]
Std returns per traj :  [0.8284868934053083, 0.8213137116947162, 1.2686478848054341, 0.46153846153846156]
Discriminator Loss  1.194206714630127
Fake Accuracy  0.0
Real Accuracy  1.0
mean discrim rew =  1902.3419780731201
mean discrim adv =  -22.999636340886354
Mean returns per traj :  [0.5384615384615384, 0.8461538461538461, 0.6923076923076923, -0.8461538461538461]
Std returns per traj :  [0.6343239424027171, 0.9483713850721502, 1.1357556200179537, 0.7692307692307693]
Discriminator Loss  1.1914020776748657
Fake Accuracy  0.0
Real Accuracy  1.0
mean discrim rew =  1897.0812547206879
mean discrim adv =  -27.19740979745984
Mean returns per traj :  [0.6923076923076923, 0.9230769230769231, 0.7692307692307693, -0.3076923076923077]
Std returns per traj :  [0.7216024245882199, 0.47418569253607507, 0.890448992522325, 0.6056929133855239]
Discriminator Loss  1.1900328397750854
Fake Accuracy  0.0
Real Accuracy  1.0
mean discrim rew =  1893.7465114593506
mean discrim adv =  -29.932147912681103
Mean returns per traj :  [0.9230769230769231, 1.2307692307692308, 1.0, -0.38461538461538464]
Std returns per traj :  [0.9166442529086912, 1.2498520622516862, 0.9607689228305228, 0.48650425541051995]
Discriminator Loss  1.1888976097106934
Fake Accuracy  0.0
Real Accuracy  1.0
mean discrim rew =  1890.1163444519043
mean discrim adv =  -32.423775969073176
Mean returns per traj :  [1.3076923076923077, 0.9230769230769231, 0.8461538461538461, -0.38461538461538464]
Std returns per traj :  [0.9101661204768638, 1.071414482860317, 0.9483713850721502, 0.6249260311258432]
Discriminator Loss  1.1884182691574097
Fake Accuracy  0.0
Real Accuracy  1.0
mean discrim rew =  1891.333003282547
mean discrim adv =  -34.06372923962772
Mean returns per traj :  [0.9230769230769231, 0.9230769230769231, 1.3076923076923077, -0.8461538461538461]
Std returns per traj :  [0.9166442529086912, 1.071414482860317, 1.3234346564680965, 0.7692307692307693]
Discriminator Loss  1.1864036321640015
Fake Accuracy  0.0
Real Accuracy  1.0
mean discrim rew =  1885.4357209205627
mean discrim adv =  -38.94579153880477
Mean returns per traj :  [0.8461538461538461, 0.6153846153846154, 1.0, -0.8461538461538461]
Std returns per traj :  [0.9483713850721501, 0.8355984993230935, 1.1766968108291043, 0.7692307692307693]
Discriminator Loss  1.185433030128479
Fake Accuracy  0.0
Real Accuracy  1.0
mean discrim rew =  1883.8032338619232
mean discrim adv =  -40.960901867598295
Mean returns per traj :  [1.0769230769230769, 1.0769230769230769, 0.9230769230769231, -0.6153846153846154]
Std returns per traj :  [0.9166442529086912, 1.2064913185660096, 0.9166442529086912, 0.737820234355803]
Discriminator Loss  1.1838455200195312
Fake Accuracy  0.0
Real Accuracy  1.0
mean discrim rew =  1880.159042596817
mean discrim adv =  -44.35056172311306
Mean returns per traj :  [1.0769230769230769, 0.5384615384615384, 0.8461538461538461, -0.8461538461538461]
Std returns per traj :  [1.1409536133993328, 0.7457969011409737, 0.6617173282340483, 1.0262818510866412]
Discriminator Loss  1.1837455034255981
Fake Accuracy  0.0
Real Accuracy  1.0
mean discrim rew =  1879.7623341083527
mean discrim adv =  -45.06112655624747
Mean returns per traj :  [0.8461538461538461, 0.7692307692307693, 1.0, -0.6153846153846154]
Std returns per traj :  [0.7692307692307692, 0.6965680875490321, 0.9607689228305228, 1.002954216185023]
Discriminator Loss  1.1824746131896973
Fake Accuracy  0.0
Real Accuracy  1.0
mean discrim rew =  1876.6506814956665
mean discrim adv =  -48.37268169224262
Mean returns per traj :  [1.1538461538461537, 0.7692307692307693, 0.7692307692307693, -0.6923076923076923]
Std returns per traj :  [1.0262818510866412, 0.8904489925223251, 0.6965680875490321, 0.8213137116947161]
Discriminator Loss  1.1790759563446045
Fake Accuracy  0.0
Real Accuracy  1.0
mean discrim rew =  1869.916018486023
mean discrim adv =  -54.709283385425806
Mean returns per traj :  [1.0, 0.46153846153846156, 0.8461538461538461, -0.23076923076923078]
Std returns per traj :  [1.0377490433255416, 0.6343239424027171, 0.6617173282340482, 0.4213250442347432]
Discriminator Loss  1.1778020858764648
Fake Accuracy  0.0
Real Accuracy  1.0
mean discrim rew =  1866.8232715129852
mean discrim adv =  -57.8335987329483
Mean returns per traj :  [1.2307692307692308, 1.0769230769230769, 1.1538461538461537, -1.0]
Std returns per traj :  [0.7994080650317894, 1.071414482860317, 0.9483713850721501, 0.7844645405527362]
Discriminator Loss  1.176774501800537
Fake Accuracy  0.0
Real Accuracy  1.0
mean discrim rew =  1864.0314724445343
mean discrim adv =  -60.8661351762712
Mean returns per traj :  [1.1538461538461537, 0.9230769230769231, 0.7692307692307693, -0.7692307692307693]
Std returns per traj :  [1.0986812966989, 1.1409536133993328, 0.7994080650317895, 0.7994080650317895]
Discriminator Loss  1.175368309020996
Fake Accuracy  0.0
Real Accuracy  1.0
mean discrim rew =  1861.079024553299
mean discrim adv =  -63.68060287088156
Mean returns per traj :  [0.9230769230769231, 0.7692307692307693, 0.7692307692307693, -0.6153846153846154]
Std returns per traj :  [0.9166442529086912, 0.696568087549032, 0.696568087549032, 0.737820234355803]
Discriminator Loss  1.1733325719833374
Fake Accuracy  0.0
Real Accuracy  1.0
mean discrim rew =  1857.1268343925476
mean discrim adv =  -67.6564623862505
Mean returns per traj :  [1.3076923076923077, 1.1538461538461537, 0.8461538461538461, -0.38461538461538464]
Std returns per traj :  [0.910166120476864, 1.0262818510866412, 0.8634593969478326, 0.48650425541051995]
Discriminator Loss  1.1731555461883545
Fake Accuracy  0.0
Real Accuracy  1.0
mean discrim rew =  1856.5789494514465
mean discrim adv =  -68.61924274265766
Mean returns per traj :  [1.0769230769230769, 1.1538461538461537, 0.7692307692307693, -0.46153846153846156]
Std returns per traj :  [0.6153846153846153, 0.8634593969478326, 0.890448992522325, 0.6343239424027171]
Discriminator Loss  1.170292854309082
Fake Accuracy  0.0
Real Accuracy  1.0
mean discrim rew =  1850.2047276496887
mean discrim adv =  -74.5238519757986
Mean returns per traj :  [1.0769230769230769, 0.8461538461538461, 0.7692307692307693, -0.6923076923076923]
Std returns per traj :  [0.9970370305242862, 0.7692307692307693, 0.7994080650317895, 0.8213137116947161]
Discriminator Loss  1.1694360971450806
Fake Accuracy  0.0
Real Accuracy  1.0
mean discrim rew =  1847.9151310920715
mean discrim adv =  -76.7607518658042
Mean returns per traj :  [1.1538461538461537, 1.3846153846153846, 1.2307692307692308, -0.3076923076923077]
Std returns per traj :  [0.9483713850721501, 0.8355984993230935, 1.186711432349347, 0.46153846153846156]
Discriminator Loss  1.1676081418991089
Fake Accuracy  0.0
Real Accuracy  1.0
mean discrim rew =  1843.8106985092163
mean discrim adv =  -81.02260489016771
Mean returns per traj :  [1.0769230769230769, 0.7692307692307693, 1.2307692307692308, -0.5384615384615384]
Std returns per traj :  [0.9166442529086912, 0.7994080650317895, 1.186711432349347, 0.8426500884694864]
Discriminator Loss  1.166050910949707
Fake Accuracy  0.0
Real Accuracy  1.0
mean discrim rew =  1840.4407136440277
mean discrim adv =  -84.287329249084
Mean returns per traj :  [0.9230769230769231, 0.6923076923076923, 0.9230769230769231, -0.38461538461538464]
Std returns per traj :  [0.7297563831157798, 0.6056929133855238, 0.8284868934053083, 0.6249260311258432]
Discriminator Loss  1.1641584634780884
Fake Accuracy  0.0
Real Accuracy  1.0
mean discrim rew =  1836.7235536575317
mean discrim adv =  -88.64858447760344
Mean returns per traj :  [1.0769230769230769, 1.0769230769230769, 0.8461538461538461, -0.8461538461538461]
Std returns per traj :  [1.1409536133993328, 0.8284868934053085, 0.7692307692307693, 0.7692307692307693]
Discriminator Loss  1.1627014875411987
Fake Accuracy  0.0
Real Accuracy  1.0
mean discrim rew =  1833.1923325061798
mean discrim adv =  -92.33214324712753
Mean returns per traj :  [0.8461538461538461, 1.3076923076923077, 0.7692307692307693, -0.9230769230769231]
Std returns per traj :  [1.166596222161777, 1.4349813927828947, 0.696568087549032, 0.9166442529086912]
Discriminator Loss  1.1600468158721924
Fake Accuracy  0.0
Real Accuracy  1.0
mean discrim rew =  1827.4813914299011
mean discrim adv =  -97.4473676905036
Mean returns per traj :  [0.7692307692307693, 0.8461538461538461, 1.0, -0.6923076923076923]
Std returns per traj :  [0.6965680875490321, 0.8634593969478325, 1.1766968108291043, 0.8213137116947163]
Discriminator Loss  1.159978985786438
Fake Accuracy  0.0
Real Accuracy  1.0
mean discrim rew =  1826.7358555793762
mean discrim adv =  -98.36791135370731
Mean returns per traj :  [1.4615384615384615, 0.7692307692307693, 0.6153846153846154, -0.9230769230769231]
Std returns per traj :  [1.08240363688233, 0.9730085108210399, 0.8355984993230935, 0.9970370305242863]
Discriminator Loss  1.1570854187011719
Fake Accuracy  0.0
Real Accuracy  1.0
mean discrim rew =  1821.0602571964264
mean discrim adv =  -104.55854795128107
Mean returns per traj :  [1.4615384615384615, 1.6153846153846154, 0.6923076923076923, -0.5384615384615384]
Std returns per traj :  [1.0088366960464616, 0.8355984993230936, 0.46153846153846156, 0.6343239424027171]
Discriminator Loss  1.1531023979187012
Fake Accuracy  0.0
Real Accuracy  1.0
mean discrim rew =  1805.0243265628815
mean discrim adv =  -109.96695117652416
Mean returns per traj :  [0.6153846153846154, 0.8461538461538461, 0.9230769230769231, -0.7692307692307693]
Std returns per traj :  [0.737820234355803, 1.026281851086641, 0.6153846153846154, 0.9730085108210399]
Discriminator Loss  1.153643250465393
Fake Accuracy  0.0
Real Accuracy  1.0
mean discrim rew =  1810.2466977834702
mean discrim adv =  -111.21038851886988
Mean returns per traj :  [0.46153846153846156, 0.7692307692307693, 1.0, -0.7692307692307693]
Std returns per traj :  [0.4985185152621431, 0.6965680875490321, 0.9607689228305228, 0.7994080650317895]
Discriminator Loss  1.151153326034546
Fake Accuracy  0.0
Real Accuracy  1.0
mean discrim rew =  1807.4146037101746
mean discrim adv =  -117.5917969122529
Mean returns per traj :  [1.0, 0.8461538461538461, 0.8461538461538461, -0.6153846153846154]
Std returns per traj :  [0.7844645405527362, 0.8634593969478326, 1.2307692307692306, 0.6249260311258431]
Discriminator Loss  1.1486274003982544
Fake Accuracy  0.0
Real Accuracy  1.0
mean discrim rew =  1802.0453050136566
mean discrim adv =  -122.90504263341427
Mean returns per traj :  [0.7692307692307693, 0.8461538461538461, 0.6923076923076923, -0.6923076923076923]
Std returns per traj :  [0.696568087549032, 0.7692307692307693, 0.7216024245882199, 0.7216024245882199]
Discriminator Loss  1.147629737854004
Fake Accuracy  0.0
Real Accuracy  1.0
mean discrim rew =  1798.6218929290771
mean discrim adv =  -126.18858532607555
Mean returns per traj :  [1.3076923076923077, 1.1538461538461537, 0.7692307692307693, -0.46153846153846156]
Std returns per traj :  [1.065877420042386, 0.9483713850721502, 0.42132504423474315, 0.634323942402717]
Discriminator Loss  1.1446623802185059
Fake Accuracy  0.0
Real Accuracy  1.0
mean discrim rew =  1792.7879872322083
mean discrim adv =  -131.7468068152666
Mean returns per traj :  [1.0769230769230769, 1.0769230769230769, 0.6153846153846154, -0.3076923076923077]
Std returns per traj :  [0.9166442529086912, 0.9166442529086911, 0.737820234355803, 0.46153846153846156]
Discriminator Loss  1.142669677734375
Fake Accuracy  0.0
Real Accuracy  1.0
mean discrim rew =  1787.8503103256226
mean discrim adv =  -136.8844140470028
Mean returns per traj :  [1.6153846153846154, 0.8461538461538461, 0.9230769230769231, -0.6923076923076923]
Std returns per traj :  [1.0769230769230769, 0.6617173282340483, 0.8284868934053083, 0.7216024245882199]
Discriminator Loss  1.1408346891403198
Fake Accuracy  0.0
Real Accuracy  1.0
mean discrim rew =  1783.7513070106506
mean discrim adv =  -140.91705779731274
Mean returns per traj :  [0.8461538461538461, 0.6153846153846154, 1.0769230769230769, -0.3076923076923077]
Std returns per traj :  [1.166596222161777, 0.737820234355803, 0.9166442529086912, 0.46153846153846156]
Discriminator Loss  1.1406792402267456
Fake Accuracy  0.0
Real Accuracy  1.0
mean discrim rew =  1782.2182986736298
mean discrim adv =  -142.48636430501938
Mean returns per traj :  [1.1538461538461537, 1.0, 0.8461538461538461, -0.7692307692307693]
Std returns per traj :  [1.0986812966989001, 0.7844645405527362, 0.7692307692307693, 0.9730085108210399]
Discriminator Loss  1.1372700929641724
Fake Accuracy  0.0
Real Accuracy  1.0
mean discrim rew =  1775.6693766117096
mean discrim adv =  -148.71512289345264
Mean returns per traj :  [1.2307692307692308, 0.6923076923076923, 0.6153846153846154, -0.38461538461538464]
Std returns per traj :  [1.2498520622516862, 0.7216024245882199, 0.9230769230769231, 0.48650425541051995]
Discriminator Loss  1.1325764656066895
Fake Accuracy  0.0
Real Accuracy  1.0
mean discrim rew =  1770.3110464811325
mean discrim adv =  -154.6508121341467
Mean returns per traj :  [1.3846153846153846, 0.6923076923076923, 0.9230769230769231, -0.46153846153846156]
Std returns per traj :  [0.9230769230769231, 0.6056929133855239, 0.9166442529086912, 0.6343239424027171]
Discriminator Loss  1.1360867023468018
Fake Accuracy  0.0
Real Accuracy  1.0
mean discrim rew =  1764.7187230587006
mean discrim adv =  -158.64210602641106
Mean returns per traj :  [0.9230769230769231, 1.0769230769230769, 1.2307692307692308, -0.7692307692307693]
Std returns per traj :  [0.6153846153846154, 0.7297563831157798, 0.7994080650317896, 0.8904489925223251]
Discriminator Loss  1.1362833976745605
Fake Accuracy  0.0
Real Accuracy  1.0
mean discrim rew =  1759.74822473526
mean discrim adv =  -165.75014507770538
Mean returns per traj :  [0.7692307692307693, 1.3076923076923077, 0.9230769230769231, -0.9230769230769231]
Std returns per traj :  [0.7994080650317896, 1.065877420042386, 0.9166442529086912, 1.071414482860317]
Discriminator Loss  1.1288013458251953
Fake Accuracy  0.0
Real Accuracy  1.0
mean discrim rew =  1752.158436536789
mean discrim adv =  -170.0127108693123
Mean returns per traj :  [1.3076923076923077, 0.9230769230769231, 0.6153846153846154, -0.46153846153846156]
Std returns per traj :  [1.2639751327042297, 0.8284868934053083, 0.737820234355803, 0.6343239424027171]
Discriminator Loss  1.1245096921920776
Fake Accuracy  0.0
Real Accuracy  1.0
mean discrim rew =  1747.5344675779343
mean discrim adv =  -176.29429945349693
Mean returns per traj :  [1.0, 1.0769230769230769, 0.7692307692307693, -0.7692307692307693]
Std returns per traj :  [0.9607689228305228, 0.8284868934053083, 0.696568087549032, 0.696568087549032]
Discriminator Loss  1.1227829456329346
Fake Accuracy  0.0
Real Accuracy  1.0
mean discrim rew =  1742.117101430893
mean discrim adv =  -181.54550065100193
Mean returns per traj :  [0.9230769230769231, 1.0769230769230769, 1.1538461538461537, -0.8461538461538461]
Std returns per traj :  [1.1409536133993328, 0.9166442529086912, 0.7692307692307693, 0.6617173282340483]
Discriminator Loss  1.1190005540847778
Fake Accuracy  0.0
Real Accuracy  1.0
mean discrim rew =  1738.1365782022476
mean discrim adv =  -185.7588818371296
Mean returns per traj :  [1.0, 1.0769230769230769, 1.2307692307692308, -0.38461538461538464]
Std returns per traj :  [0.8770580193070292, 1.071414482860317, 1.1200169060431566, 0.48650425541051995]
Discriminator Loss  1.1163326501846313
Fake Accuracy  0.0
Real Accuracy  1.0
mean discrim rew =  1731.6300839185715
mean discrim adv =  -191.59995521605015
Mean returns per traj :  [1.0, 1.0769230769230769, 0.8461538461538461, -0.6153846153846154]
Std returns per traj :  [0.7844645405527362, 0.8284868934053083, 1.0986812966989, 0.737820234355803]
Discriminator Loss  1.1154671907424927
Fake Accuracy  0.0
Real Accuracy  1.0
mean discrim rew =  1727.2019823789597
mean discrim adv =  -198.5372655391693
Mean returns per traj :  [1.4615384615384615, 0.7692307692307693, 0.8461538461538461, -0.9230769230769231]
Std returns per traj :  [1.0088366960464616, 0.5756395979652218, 0.9483713850721501, 0.9970370305242862]
Discriminator Loss  1.1122732162475586
Fake Accuracy  0.0
Real Accuracy  1.0
mean discrim rew =  1719.5562444925308
mean discrim adv =  -205.2212146371603
Mean returns per traj :  [1.2307692307692308, 0.9230769230769231, 0.8461538461538461, -0.9230769230769231]
Std returns per traj :  [0.4213250442347432, 0.6153846153846154, 0.532938710021193, 0.9970370305242862]
Discriminator Loss  1.1109013557434082
Fake Accuracy  0.0
Real Accuracy  1.0
mean discrim rew =  1718.2422802448273
mean discrim adv =  -206.64462053775787
Mean returns per traj :  [0.7692307692307693, 0.7692307692307693, 0.7692307692307693, -0.23076923076923078]
Std returns per traj :  [0.5756395979652217, 0.890448992522325, 1.1200169060431568, 0.5756395979652216]
Discriminator Loss  1.1102521419525146
Fake Accuracy  0.0
Real Accuracy  1.0
mean discrim rew =  1710.2191401720047
mean discrim adv =  -213.7991484850645
Mean returns per traj :  [1.2307692307692308, 0.9230769230769231, 0.8461538461538461, -0.6153846153846154]
Std returns per traj :  [1.186711432349347, 0.8284868934053083, 1.0262818510866412, 0.737820234355803]
Discriminator Loss  1.1016331911087036
Fake Accuracy  0.0
Real Accuracy  1.0
mean discrim rew =  1701.8292753696442
mean discrim adv =  -222.5946041494608
Mean returns per traj :  [0.6153846153846154, 0.9230769230769231, 0.8461538461538461, -0.9230769230769231]
Std returns per traj :  [0.6249260311258431, 0.9970370305242862, 0.9483713850721501, 0.7297563831157798]
Discriminator Loss  1.103041172027588
Fake Accuracy  0.0
Real Accuracy  1.0
mean discrim rew =  1691.0739187002182
mean discrim adv =  -227.00672487914562
Mean returns per traj :  [1.3846153846153846, 1.0769230769230769, 0.46153846153846156, -0.46153846153846156]
Std returns per traj :  [1.002954216185023, 0.8284868934053083, 0.4985185152621431, 0.9294650748918902]
Discriminator Loss  1.099839687347412
Fake Accuracy  0.0
Real Accuracy  1.0
mean discrim rew =  1690.7079578638077
mean discrim adv =  -233.2536352276802
Mean returns per traj :  [0.6923076923076923, 1.0, 0.7692307692307693, -0.6153846153846154]
Std returns per traj :  [0.8213137116947163, 1.1094003924504583, 0.7994080650317895, 0.6249260311258431]
Discriminator Loss  1.0974153280258179
Fake Accuracy  0.0
Real Accuracy  1.0
mean discrim rew =  1684.0642864704132
mean discrim adv =  -240.51157903671265
Mean returns per traj :  [1.2307692307692308, 0.9230769230769231, 0.8461538461538461, -0.3076923076923077]
Std returns per traj :  [1.1200169060431566, 0.9166442529086912, 0.8634593969478327, 0.46153846153846156]
Discriminator Loss  1.0961122512817383
Fake Accuracy  0.0
Real Accuracy  1.0
mean discrim rew =  1677.353226184845
mean discrim adv =  -247.10807195305824
Mean returns per traj :  [0.7692307692307693, 0.6923076923076923, 0.6153846153846154, -0.5384615384615384]
Std returns per traj :  [0.696568087549032, 0.9101661204768637, 0.737820234355803, 0.6343239424027171]
Discriminator Loss  1.0931283235549927
Fake Accuracy  0.0
Real Accuracy  1.0
mean discrim rew =  1669.0732337236404
mean discrim adv =  -255.3352324962616
Mean returns per traj :  [2.1538461538461537, 1.0, 1.0769230769230769, -0.6923076923076923]
Std returns per traj :  [1.4058205294228512, 0.6793662204867574, 0.8284868934053083, 0.9101661204768638]
Discriminator Loss  1.0876885652542114
Fake Accuracy  0.0
Real Accuracy  1.0
mean discrim rew =  1658.3401913642883
mean discrim adv =  -260.10653230547905
Mean returns per traj :  [1.0, 0.6923076923076923, 0.5384615384615384, -0.38461538461538464]
Std returns per traj :  [0.9607689228305228, 0.6056929133855239, 0.6343239424027171, 0.6249260311258432]
Discriminator Loss  1.089139699935913
Fake Accuracy  0.0
Real Accuracy  1.0
mean discrim rew =  1651.4760761260986
mean discrim adv =  -267.22649824619293
Mean returns per traj :  [0.6153846153846154, 1.3846153846153846, 0.6923076923076923, -0.7692307692307693]
Std returns per traj :  [0.48650425541051995, 1.0029542161850227, 0.991084517440394, 0.7994080650317895]
Discriminator Loss  1.0790694952011108
Fake Accuracy  0.0
Real Accuracy  1.0
mean discrim rew =  1642.3788410425186
mean discrim adv =  -274.95891109108925
Mean returns per traj :  [0.9230769230769231, 0.9230769230769231, 1.3076923076923077, -0.46153846153846156]
Std returns per traj :  [0.6153846153846154, 1.071414482860317, 1.065877420042386, 0.7457969011409737]
Discriminator Loss  1.080503225326538
Fake Accuracy  0.0
Real Accuracy  1.0
mean discrim rew =  1642.4455118179321
mean discrim adv =  -281.3698925971985
Mean returns per traj :  [1.0, 0.9230769230769231, 1.0769230769230769, -0.8461538461538461]
Std returns per traj :  [0.6793662204867574, 0.9166442529086912, 0.7297563831157798, 0.6617173282340483]
Discriminator Loss  1.0776976346969604
Fake Accuracy  0.0
Real Accuracy  1.0
mean discrim rew =  1636.6238944530487
mean discrim adv =  -287.68669110536575
Mean returns per traj :  [0.6923076923076923, 0.5384615384615384, 1.0769230769230769, -0.8461538461538461]
Std returns per traj :  [0.6056929133855239, 0.7457969011409737, 0.8284868934053083, 0.8634593969478326]
Discriminator Loss  1.073724389076233
Fake Accuracy  0.0
Real Accuracy  1.0
mean discrim rew =  1627.4713915586472
mean discrim adv =  -298.03995633125305
Mean returns per traj :  [1.3846153846153846, 1.1538461538461537, 1.0, -0.7692307692307693]
Std returns per traj :  [0.6249260311258431, 1.0986812966989001, 1.2403473458920846, 1.1200169060431568]
Discriminator Loss  1.0709816217422485
Fake Accuracy  0.0
Real Accuracy  1.0
mean discrim rew =  1620.8790119886398
mean discrim adv =  -303.479571133852
Mean returns per traj :  [1.3846153846153846, 1.0769230769230769, 1.3076923076923077, -1.0]
Std returns per traj :  [1.273303489018988, 1.1409536133993328, 0.9910845174403943, 0.5547001962252291]
Discriminator Loss  1.067737102508545
Fake Accuracy  0.0
Real Accuracy  1.0
mean discrim rew =  1614.281851887703
mean discrim adv =  -310.25238558650017
Mean returns per traj :  [1.0769230769230769, 1.2307692307692308, 1.0, -0.6923076923076923]
Std returns per traj :  [0.9166442529086912, 0.890448992522325, 0.7844645405527362, 0.6056929133855239]
Discriminator Loss  1.063653588294983
Fake Accuracy  0.0
Real Accuracy  1.0
mean discrim rew =  1603.2285363674164
mean discrim adv =  -321.45464992523193
Mean returns per traj :  [1.3846153846153846, 1.3076923076923077, 0.7692307692307693, -0.5384615384615384]
Std returns per traj :  [1.146128032750103, 1.3234346564680965, 1.1200169060431568, 0.6343239424027171]
Discriminator Loss  1.0615618228912354
Fake Accuracy  0.0
Real Accuracy  1.0
mean discrim rew =  1598.5550549030304
mean discrim adv =  -326.64327213168144
Mean returns per traj :  [1.1538461538461537, 1.0, 0.8461538461538461, -1.1538461538461537]
Std returns per traj :  [0.9483713850721502, 0.9607689228305228, 0.8634593969478327, 0.8634593969478327]
Discriminator Loss  1.0543588399887085
Fake Accuracy  0.0
Real Accuracy  1.0
mean discrim rew =  1590.5035071372986
mean discrim adv =  -334.14021587371826
Mean returns per traj :  [0.9230769230769231, 0.7692307692307693, 1.2307692307692308, -0.46153846153846156]
Std returns per traj :  [0.7297563831157798, 0.5756395979652217, 1.0490908997681427, 0.49851851526214314]
Discriminator Loss  1.0491459369659424
Fake Accuracy  0.0
Real Accuracy  1.0
mean discrim rew =  1577.1518629789352
mean discrim adv =  -345.86395305395126
Mean returns per traj :  [1.2307692307692308, 1.1538461538461537, 0.6923076923076923, -0.23076923076923078]
Std returns per traj :  [1.049090899768143, 1.166596222161777, 0.7216024245882199, 0.5756395979652217]
Discriminator Loss  1.0507211685180664
Fake Accuracy  0.0
Real Accuracy  1.0
mean discrim rew =  1570.7233237028122
mean discrim adv =  -350.96972101926804
Mean returns per traj :  [1.2307692307692308, 0.7692307692307693, 1.3846153846153846, -0.6153846153846154]
Std returns per traj :  [1.049090899768143, 0.8904489925223251, 0.6249260311258431, 0.9230769230769231]
Discriminator Loss  1.0480552911758423
Fake Accuracy  0.0
Real Accuracy  1.0
mean discrim rew =  1562.7244659662247
mean discrim adv =  -360.06192219257355
Mean returns per traj :  [1.4615384615384615, 0.6153846153846154, 0.38461538461538464, -1.3846153846153846]
Std returns per traj :  [1.0088366960464616, 0.737820234355803, 0.737820234355803, 1.146128032750103]
Discriminator Loss  1.0437335968017578
Fake Accuracy  0.0
Real Accuracy  1.0
mean discrim rew =  1556.2333337068558
mean discrim adv =  -367.85219088196754
Mean returns per traj :  [0.6923076923076923, 1.0, 0.6923076923076923, -0.9230769230769231]
Std returns per traj :  [0.7216024245882199, 0.9607689228305228, 0.9101661204768638, 0.8284868934053083]
Discriminator Loss  1.0428545475006104
Fake Accuracy  0.0
Real Accuracy  1.0
mean discrim rew =  1551.5264008045197
mean discrim adv =  -373.14329648017883
Mean returns per traj :  [0.8461538461538461, 0.9230769230769231, 1.0, -0.46153846153846156]
Std returns per traj :  [0.9483713850721501, 0.9166442529086912, 1.0377490433255416, 0.49851851526214314]
Discriminator Loss  1.0370804071426392
Fake Accuracy  0.0
Real Accuracy  1.0
mean discrim rew =  1537.7719122171402
mean discrim adv =  -385.6067833006382
Mean returns per traj :  [1.0769230769230769, 1.1538461538461537, 0.7692307692307693, -0.46153846153846156]
Std returns per traj :  [0.8284868934053085, 1.0986812966989, 0.7994080650317895, 0.6343239424027171]
Discriminator Loss  1.034653663635254
Fake Accuracy  0.0
Real Accuracy  1.0
mean discrim rew =  1530.9547919034958
mean discrim adv =  -394.07398092746735
Mean returns per traj :  [1.0, 1.3076923076923077, 0.8461538461538461, -0.38461538461538464]
Std returns per traj :  [1.0377490433255416, 0.8213137116947162, 0.7692307692307693, 0.48650425541051995]
Discriminator Loss  1.0284043550491333
Fake Accuracy  0.0
Real Accuracy  1.0
mean discrim rew =  1521.218406677246
mean discrim adv =  -401.5131724476814
Mean returns per traj :  [1.0769230769230769, 0.9230769230769231, 1.1538461538461537, -0.3076923076923077]
Std returns per traj :  [1.071414482860317, 0.7297563831157798, 0.9483713850721502, 0.6056929133855239]
Discriminator Loss  1.0280797481536865
Fake Accuracy  0.0
Real Accuracy  1.0
mean discrim rew =  1513.441156744957
mean discrim adv =  -410.30594861507416
Mean returns per traj :  [1.0769230769230769, 0.7692307692307693, 0.9230769230769231, -0.6153846153846154]
Std returns per traj :  [0.7297563831157798, 0.890448992522325, 1.071414482860317, 0.6249260311258431]
Discriminator Loss  1.025970458984375
Fake Accuracy  0.0
Real Accuracy  1.0
mean discrim rew =  1501.549208521843
mean discrim adv =  -419.7397720515728
Mean returns per traj :  [1.2307692307692308, 0.7692307692307693, 0.9230769230769231, -0.3076923076923077]
Std returns per traj :  [0.9730085108210399, 0.7994080650317895, 0.7297563831157798, 0.46153846153846156]
Discriminator Loss  1.0136799812316895
Fake Accuracy  0.0
Real Accuracy  1.0
mean discrim rew =  1484.8195923566818
mean discrim adv =  -428.8892622888088
Mean returns per traj :  [0.7692307692307693, 0.9230769230769231, 1.2307692307692308, -0.7692307692307693]
Std returns per traj :  [0.8904489925223251, 0.8284868934053083, 1.2498520622516862, 1.049090899768143]
Discriminator Loss  1.0153123140335083
Fake Accuracy  0.0
Real Accuracy  1.0
mean discrim rew =  1479.7578123807907
mean discrim adv =  -438.28971114754677
Mean returns per traj :  [0.6923076923076923, 1.3846153846153846, 0.6923076923076923, -0.6153846153846154]
Std returns per traj :  [0.6056929133855239, 1.002954216185023, 0.7216024245882199, 0.737820234355803]
Discriminator Loss  1.0130658149719238
Fake Accuracy  0.0
Real Accuracy  1.0
mean discrim rew =  1476.71850502491
mean discrim adv =  -447.67607110738754
Mean returns per traj :  [1.3846153846153846, 0.7692307692307693, 1.4615384615384615, -0.5384615384615384]
Std returns per traj :  [0.48650425541051995, 0.8904489925223252, 1.0824036368823298, 0.6343239424027171]
Discriminator Loss  1.0083929300308228
Fake Accuracy  0.0
Real Accuracy  1.0
mean discrim rew =  1466.1890567541122
mean discrim adv =  -458.2241954803467
Mean returns per traj :  [1.4615384615384615, 1.1538461538461537, 0.8461538461538461, -0.7692307692307693]
Std returns per traj :  [1.08240363688233, 0.7692307692307693, 0.532938710021193, 0.5756395979652218]
Discriminator Loss  1.004499077796936
Fake Accuracy  0.0
Real Accuracy  1.0
mean discrim rew =  1456.6921486854553
mean discrim adv =  -468.53704142570496
Mean returns per traj :  [1.2307692307692308, 0.8461538461538461, 0.8461538461538461, -1.0]
Std returns per traj :  [0.7994080650317895, 0.6617173282340483, 0.7692307692307693, 0.5547001962252291]
Discriminator Loss  1.0013161897659302
Fake Accuracy  0.0
Real Accuracy  1.0
mean discrim rew =  1447.1020736694336
mean discrim adv =  -477.51055109500885
Mean returns per traj :  [0.6153846153846154, 1.0769230769230769, 1.0769230769230769, -0.6923076923076923]
Std returns per traj :  [0.737820234355803, 1.0714144828603167, 0.9970370305242862, 0.7216024245882199]
Discriminator Loss  0.9985640048980713
Fake Accuracy  0.0
Real Accuracy  1.0
mean discrim rew =  1438.4898685216904
mean discrim adv =  -486.81526547670364
Mean returns per traj :  [1.0769230769230769, 1.0769230769230769, 1.2307692307692308, -0.5384615384615384]
Std returns per traj :  [0.9166442529086912, 1.071414482860317, 1.2498520622516862, 0.6343239424027171]
Discriminator Loss  0.9933435320854187
Fake Accuracy  0.0
Real Accuracy  1.0
mean discrim rew =  1426.9296144247055
mean discrim adv =  -498.10783606767654
Mean returns per traj :  [0.7692307692307693, 1.0769230769230769, 0.8461538461538461, -0.46153846153846156]
Std returns per traj :  [0.696568087549032, 0.7297563831157797, 1.2917581249035897, 0.6343239424027171]
Discriminator Loss  0.989490807056427
Fake Accuracy  0.0
Real Accuracy  1.0
mean discrim rew =  1416.75852560997
mean discrim adv =  -508.43506795167923
Mean returns per traj :  [0.8461538461538461, 0.8461538461538461, 0.6923076923076923, -0.15384615384615385]
Std returns per traj :  [0.8634593969478326, 1.0262818510866412, 0.8213137116947163, 0.36080121229410994]
Discriminator Loss  0.9861429929733276
Fake Accuracy  0.0
Real Accuracy  1.0
mean discrim rew =  1407.5352857112885
mean discrim adv =  -517.2959492206573
Mean returns per traj :  [1.3846153846153846, 1.8461538461538463, 1.1538461538461537, -1.2307692307692308]
Std returns per traj :  [0.8355984993230935, 1.2917581249035897, 0.8634593969478327, 1.0490908997681427]
Discriminator Loss  0.9811914563179016
Fake Accuracy  0.0
Real Accuracy  1.0
mean discrim rew =  1396.5250631570816
mean discrim adv =  -528.0604373812675
Mean returns per traj :  [1.1538461538461537, 0.8461538461538461, 0.6923076923076923, -0.6923076923076923]
Std returns per traj :  [1.0986812966989, 0.7692307692307693, 0.8213137116947163, 0.7216024245882199]
Discriminator Loss  0.9760161638259888
Fake Accuracy  0.0
Real Accuracy  1.0
mean discrim rew =  1382.621642947197
mean discrim adv =  -541.4661746025085
Mean returns per traj :  [1.3846153846153846, 1.0769230769230769, 1.0, -0.5384615384615384]
Std returns per traj :  [1.211385826771048, 1.071414482860317, 1.3587324409735149, 0.6343239424027171]
Discriminator Loss  0.9722995162010193
Fake Accuracy  0.0
Real Accuracy  1.0
mean discrim rew =  1369.5940378904343
mean discrim adv =  -552.07278829813
Mean returns per traj :  [1.3076923076923077, 0.6923076923076923, 1.0, -0.5384615384615384]
Std returns per traj :  [1.2015768732164085, 0.6056929133855239, 0.7844645405527362, 0.6343239424027171]
Discriminator Loss  0.968123733997345
Fake Accuracy  0.0
Real Accuracy  1.0
mean discrim rew =  1362.2196910381317
mean discrim adv =  -562.2783031463623
Mean returns per traj :  [1.1538461538461537, 1.0769230769230769, 0.8461538461538461, -0.6153846153846154]
Std returns per traj :  [1.026281851086641, 1.071414482860317, 1.0262818510866412, 0.6249260311258431]
Discriminator Loss  0.9629942178726196
Fake Accuracy  0.0
Real Accuracy  1.0
mean discrim rew =  1346.5682411193848
mean discrim adv =  -578.7709254622459
Mean returns per traj :  [0.9230769230769231, 1.0769230769230769, 0.7692307692307693, -0.8461538461538461]
Std returns per traj :  [0.8284868934053083, 0.8284868934053083, 0.7994080650317895, 1.0262818510866412]
Discriminator Loss  0.9600700736045837
Fake Accuracy  0.0
Real Accuracy  1.0
mean discrim rew =  1338.9769842624664
mean discrim adv =  -586.1507420539856
Mean returns per traj :  [1.0, 1.0769230769230769, 0.8461538461538461, -0.46153846153846156]
Std returns per traj :  [0.9607689228305228, 0.9970370305242863, 1.026281851086641, 0.49851851526214314]
Discriminator Loss  0.9561009407043457
Fake Accuracy  0.0
Real Accuracy  1.0
mean discrim rew =  1327.6000891923904
mean discrim adv =  -597.2193485498428
Mean returns per traj :  [0.6923076923076923, 1.0, 0.9230769230769231, -0.6153846153846154]
Std returns per traj :  [0.46153846153846156, 0.9607689228305228, 1.1409536133993328, 0.6249260311258431]
Discriminator Loss  0.9500537514686584
Fake Accuracy  0.0
Real Accuracy  1.0
mean discrim rew =  1311.642713189125
mean discrim adv =  -613.135662317276
Mean returns per traj :  [1.3846153846153846, 1.2307692307692308, 1.6153846153846154, -0.6153846153846154]
Std returns per traj :  [0.9230769230769231, 0.8904489925223251, 1.2113858267710478, 0.737820234355803]
Discriminator Loss  0.9455888867378235
Fake Accuracy  0.0
Real Accuracy  1.0
mean discrim rew =  1300.2929819822311
mean discrim adv =  -624.4278555512428
Mean returns per traj :  [0.8461538461538461, 0.9230769230769231, 0.8461538461538461, -0.6153846153846154]
Std returns per traj :  [0.7692307692307693, 0.6153846153846154, 0.9483713850721502, 0.737820234355803]
Discriminator Loss  0.9426015615463257
Fake Accuracy  0.0
Real Accuracy  1.0
mean discrim rew =  1290.8318310976028
mean discrim adv =  -633.6581041812897
Mean returns per traj :  [1.3076923076923077, 1.0, 0.9230769230769231, -0.23076923076923078]
Std returns per traj :  [1.135755620017954, 0.5547001962252291, 0.8284868934053083, 0.5756395979652217]
Discriminator Loss  0.9387643933296204
Fake Accuracy  0.0
Real Accuracy  1.0
mean discrim rew =  1279.1507915258408
mean discrim adv =  -645.6306225061417
Mean returns per traj :  [1.2307692307692308, 0.8461538461538461, 1.0769230769230769, -0.8461538461538461]
Std returns per traj :  [1.4225570776082255, 0.8634593969478326, 0.9166442529086911, 0.7692307692307693]
Discriminator Loss  0.9329476356506348
Fake Accuracy  0.0
Real Accuracy  1.0
mean discrim rew =  1264.0058739185333
mean discrim adv =  -661.0734781622887
Mean returns per traj :  [1.0769230769230769, 1.3076923076923077, 0.8461538461538461, -0.6923076923076923]
Std returns per traj :  [1.3278981924332363, 0.910166120476864, 0.8634593969478327, 0.7216024245882199]
Discriminator Loss  0.9306555986404419
Fake Accuracy  0.0
Real Accuracy  1.0
mean discrim rew =  1255.609772324562
mean discrim adv =  -669.0292031168938
Mean returns per traj :  [1.1538461538461537, 0.8461538461538461, 1.1538461538461537, -0.6153846153846154]
Std returns per traj :  [1.026281851086641, 0.8634593969478326, 0.9483713850721502, 0.9230769230769231]
Discriminator Loss  0.9252416491508484
Fake Accuracy  0.0
Real Accuracy  1.0
mean discrim rew =  1240.7680609226227
mean discrim adv =  -684.0420039892197
Mean returns per traj :  [0.38461538461538464, 0.7692307692307693, 0.9230769230769231, -0.9230769230769231]
Std returns per traj :  [0.48650425541051995, 0.696568087549032, 0.8284868934053083, 1.071414482860317]
Discriminator Loss  0.9195814728736877
Fake Accuracy  0.0
Real Accuracy  1.0
mean discrim rew =  1226.283151268959
mean discrim adv =  -698.544113278389
Mean returns per traj :  [1.3076923076923077, 1.0, 0.7692307692307693, -0.6153846153846154]
Std returns per traj :  [1.1357556200179537, 1.0377490433255416, 0.8904489925223251, 0.6249260311258431]
Discriminator Loss  0.9161925315856934
Fake Accuracy  0.0
Real Accuracy  1.0
mean discrim rew =  1214.735659122467
mean discrim adv =  -710.126548230648
Mean returns per traj :  [0.7692307692307693, 1.3846153846153846, 0.8461538461538461, -0.8461538461538461]
Std returns per traj :  [0.5756395979652217, 1.2733034890189885, 0.8634593969478327, 0.7692307692307693]
Discriminator Loss  0.9099485874176025
Fake Accuracy  0.0
Real Accuracy  1.0
mean discrim rew =  1198.0244706869125
mean discrim adv =  -726.7891159653664
Mean returns per traj :  [0.6923076923076923, 1.0, 0.6923076923076923, -0.7692307692307693]
Std returns per traj :  [0.6056929133855239, 0.6793662204867574, 0.6056929133855238, 0.6965680875490321]
Discriminator Loss  0.9079257249832153
Fake Accuracy  0.0
Real Accuracy  1.0
mean discrim rew =  1190.5923281908035
mean discrim adv =  -734.4547496438026
Mean returns per traj :  [0.6923076923076923, 0.8461538461538461, 0.38461538461538464, -0.7692307692307693]
Std returns per traj :  [0.6056929133855239, 0.7692307692307693, 0.48650425541051995, 0.5756395979652218]
Discriminator Loss  0.900451123714447
Fake Accuracy  0.0
Real Accuracy  1.0
mean discrim rew =  1170.5242456197739
mean discrim adv =  -754.2678351998329
Mean returns per traj :  [0.9230769230769231, 1.1538461538461537, 1.0, -0.5384615384615384]
Std returns per traj :  [0.8284868934053083, 1.0262818510866412, 0.7844645405527362, 0.6343239424027171]
Discriminator Loss  0.8981736302375793
Fake Accuracy  0.0
Real Accuracy  1.0
mean discrim rew =  1160.9142744541168
mean discrim adv =  -763.976155757904
Mean returns per traj :  [0.46153846153846156, 1.2307692307692308, 1.0769230769230769, -0.6153846153846154]
Std returns per traj :  [0.4985185152621431, 0.7994080650317896, 1.071414482860317, 0.6249260311258431]
Discriminator Loss  0.8909910321235657
Fake Accuracy  0.0
Real Accuracy  1.0
mean discrim rew =  1141.3004513978958
mean discrim adv =  -783.2103764414787
Mean returns per traj :  [0.7692307692307693, 1.3846153846153846, 0.6153846153846154, -0.5384615384615384]
Std returns per traj :  [0.696568087549032, 1.3888823142513682, 0.48650425541051995, 0.49851851526214314]
Discriminator Loss  0.888051450252533
Fake Accuracy  0.0
Real Accuracy  1.0
mean discrim rew =  1130.501969218254
mean discrim adv =  -794.2577821612358
Mean returns per traj :  [1.1538461538461537, 1.1538461538461537, 1.3846153846153846, -0.9230769230769231]
Std returns per traj :  [0.8634593969478325, 1.0262818510866412, 1.0769230769230769, 0.9970370305242862]
Discriminator Loss  0.8812914490699768
Fake Accuracy  0.0
Real Accuracy  1.0
mean discrim rew =  1112.4462937116623
mean discrim adv =  -812.0599705576897
Mean returns per traj :  [1.0, 1.3076923076923077, 0.6923076923076923, -0.6153846153846154]
Std returns per traj :  [0.9607689228305228, 0.9910845174403943, 0.910166120476864, 0.737820234355803]
Discriminator Loss  0.8773772120475769
Fake Accuracy  0.0
Real Accuracy  1.0
mean discrim rew =  1099.4569680690765
mean discrim adv =  -825.3449444174767
Mean returns per traj :  [0.7692307692307693, 0.46153846153846156, 1.0, -0.6923076923076923]
Std returns per traj :  [0.6965680875490321, 0.6343239424027171, 0.8770580193070292, 0.9101661204768638]
Discriminator Loss  0.8729164600372314
Fake Accuracy  0.0
Real Accuracy  1.0
mean discrim rew =  1085.7158843278885
mean discrim adv =  -838.9722298979759
Mean returns per traj :  [1.0769230769230769, 0.5384615384615384, 0.9230769230769231, -0.5384615384615384]
Std returns per traj :  [0.9970370305242863, 0.6343239424027171, 0.7297563831157798, 0.6343239424027171]
Discriminator Loss  0.8700903654098511
Fake Accuracy  0.0
Real Accuracy  1.0
mean discrim rew =  1074.4387500286102
mean discrim adv =  -850.0962017774582
Mean returns per traj :  [0.6923076923076923, 1.3076923076923077, 1.0, -0.5384615384615384]
Std returns per traj :  [0.9101661204768638, 1.065877420042386, 0.6793662204867574, 0.8426500884694864]
Discriminator Loss  0.8628479242324829
Fake Accuracy  0.0
Real Accuracy  1.0
mean discrim rew =  1053.84737098217
mean discrim adv =  -870.6543458104134
Mean returns per traj :  [0.7692307692307693, 0.9230769230769231, 1.0769230769230769, -0.38461538461538464]
Std returns per traj :  [0.5756395979652218, 1.1409536133993328, 0.9166442529086912, 0.48650425541051995]
Discriminator Loss  0.8577840924263
Fake Accuracy  0.0
Real Accuracy  1.0
mean discrim rew =  1037.141480922699
mean discrim adv =  -887.6359224319458
Mean returns per traj :  [1.2307692307692308, 0.8461538461538461, 0.7692307692307693, -0.46153846153846156]
Std returns per traj :  [1.0490908997681427, 0.6617173282340483, 0.6965680875490321, 0.6343239424027171]
Discriminator Loss  0.8566008806228638
Fake Accuracy  0.0
Real Accuracy  1.0
mean discrim rew =  1030.3050776720047
mean discrim adv =  -894.4325636029243
Mean returns per traj :  [0.46153846153846156, 0.8461538461538461, 1.2307692307692308, -0.6923076923076923]
Std returns per traj :  [0.7457969011409737, 0.7692307692307693, 1.049090899768143, 0.6056929133855238]
Discriminator Loss  0.8493142127990723
Fake Accuracy  0.0
Real Accuracy  1.0
mean discrim rew =  1008.6367785930634
mean discrim adv =  -915.8753921985626
Mean returns per traj :  [0.8461538461538461, 1.0, 0.9230769230769231, -0.7692307692307693]
Std returns per traj :  [0.7692307692307693, 0.6793662204867574, 0.47418569253607495, 0.7994080650317895]
Discriminator Loss  0.8453508019447327
Fake Accuracy  0.0
Real Accuracy  1.0
mean discrim rew =  992.6979800462723
mean discrim adv =  -931.8085342645645
Mean returns per traj :  [0.7692307692307693, 0.9230769230769231, 0.6923076923076923, -0.9230769230769231]
Std returns per traj :  [0.6965680875490321, 0.9166442529086912, 0.9101661204768638, 0.7297563831157798]
Discriminator Loss  0.8404215574264526
Fake Accuracy  0.0
Real Accuracy  1.0
mean discrim rew =  977.2880778312683
mean discrim adv =  -947.5638799667358
Mean returns per traj :  [0.7692307692307693, 1.2307692307692308, 1.2307692307692308, -0.46153846153846156]
Std returns per traj :  [0.890448992522325, 0.8904489925223251, 1.186711432349347, 0.6343239424027171]
Discriminator Loss  0.8356699347496033
Fake Accuracy  0.0
Real Accuracy  1.0
mean discrim rew =  961.2368224859238
mean discrim adv =  -963.4293965101242
Mean returns per traj :  [1.0769230769230769, 0.7692307692307693, 0.8461538461538461, -0.38461538461538464]
Std returns per traj :  [0.9970370305242862, 0.5756395979652218, 1.0262818510866412, 0.6249260311258431]
Discriminator Loss  0.8295583128929138
Fake Accuracy  0.0
Real Accuracy  1.0
mean discrim rew =  941.336128115654
mean discrim adv =  -983.1150940656662
Mean returns per traj :  [0.7692307692307693, 1.1538461538461537, 1.1538461538461537, -0.7692307692307693]
Std returns per traj :  [0.9730085108210398, 1.0986812966989, 0.7692307692307693, 0.7994080650317896]
Discriminator Loss  0.8243647217750549
Fake Accuracy  0.0
Real Accuracy  1.0
mean discrim rew =  922.556978225708
mean discrim adv =  -1002.2903740406036
Mean returns per traj :  [1.2307692307692308, 1.3076923076923077, 1.0, -0.6923076923076923]
Std returns per traj :  [0.890448992522325, 1.3234346564680965, 1.0377490433255416, 0.7216024245882199]
Discriminator Loss  0.8205471634864807
Fake Accuracy  0.0
Real Accuracy  1.0
mean discrim rew =  909.3663212060928
mean discrim adv =  -1015.192217707634
Mean returns per traj :  [0.5384615384615384, 1.0, 0.8461538461538461, -0.8461538461538461]
Std returns per traj :  [0.6343239424027171, 0.9607689228305228, 0.8634593969478327, 0.9483713850721502]
Discriminator Loss  0.8173781037330627
Fake Accuracy  0.0
Real Accuracy  1.0
mean discrim rew =  896.3935537338257
mean discrim adv =  -1028.393473625183
Mean returns per traj :  [0.6153846153846154, 0.9230769230769231, 1.1538461538461537, -0.8461538461538461]
Std returns per traj :  [0.6249260311258431, 1.327898192433236, 0.6617173282340483, 0.7692307692307693]
Discriminator Loss  0.810651957988739
Fake Accuracy  0.0
Real Accuracy  1.0
mean discrim rew =  872.5301792621613
mean discrim adv =  -1052.5258951187134
Mean returns per traj :  [1.0769230769230769, 0.6153846153846154, 1.0769230769230769, -0.3076923076923077]
Std returns per traj :  [0.7297563831157798, 0.6249260311258431, 0.9166442529086912, 0.46153846153846156]
Discriminator Loss  0.8071181774139404
Fake Accuracy  0.0
Real Accuracy  1.0
mean discrim rew =  858.4080809354782
mean discrim adv =  -1066.404072880745
Mean returns per traj :  [0.9230769230769231, 1.1538461538461537, 1.3076923076923077, -0.5384615384615384]
Std returns per traj :  [0.474185692536075, 0.7692307692307693, 0.9101661204768638, 0.8426500884694864]
Discriminator Loss  0.8024911284446716
Fake Accuracy  0.0
Real Accuracy  1.0
mean discrim rew =  840.8424296379089
mean discrim adv =  -1083.947588443756
Mean returns per traj :  [1.5384615384615385, 1.0769230769230769, 1.2307692307692308, -0.46153846153846156]
Std returns per traj :  [1.277942132756627, 0.9166442529086912, 1.049090899768143, 0.6343239424027171]
Discriminator Loss  0.8008713722229004
Fake Accuracy  0.0
Real Accuracy  1.0
mean discrim rew =  830.6943491697311
mean discrim adv =  -1094.0044037103653
Mean returns per traj :  [1.3076923076923077, 1.4615384615384615, 1.2307692307692308, -0.9230769230769231]
Std returns per traj :  [1.065877420042386, 0.8426500884694863, 0.8904489925223251, 0.8284868934053085]
Discriminator Loss  0.792698323726654
Fake Accuracy  0.0
Real Accuracy  1.0
mean discrim rew =  803.5824816226959
mean discrim adv =  -1121.3235347270966
Mean returns per traj :  [1.0769230769230769, 1.1538461538461537, 0.9230769230769231, -0.38461538461538464]
Std returns per traj :  [1.1409536133993328, 0.8634593969478326, 0.7297563831157798, 0.6249260311258431]
Discriminator Loss  0.7891625165939331
Fake Accuracy  0.0
Real Accuracy  1.0
mean discrim rew =  789.525258898735
mean discrim adv =  -1135.2251027822495
Mean returns per traj :  [0.9230769230769231, 0.8461538461538461, 1.3076923076923077, -0.6923076923076923]
Std returns per traj :  [0.9970370305242863, 0.532938710021193, 1.065877420042386, 0.6056929133855239]
Discriminator Loss  0.7848981022834778
Fake Accuracy  0.0
Real Accuracy  1.0
mean discrim rew =  769.3551588058472
mean discrim adv =  -1155.475490808487
Mean returns per traj :  [0.6153846153846154, 1.1538461538461537, 1.4615384615384615, -0.8461538461538461]
Std returns per traj :  [0.6249260311258431, 1.2917581249035897, 0.7457969011409736, 0.6617173282340483]
Discriminator Loss  0.7786964774131775
Fake Accuracy  0.0
Real Accuracy  1.0
mean discrim rew =  748.0488806962967
mean discrim adv =  -1176.7165225744247
Mean returns per traj :  [1.5384615384615385, 0.6923076923076923, 1.0, -0.5384615384615384]
Std returns per traj :  [0.7457969011409736, 0.9101661204768638, 0.8770580193070292, 0.7457969011409737]
Discriminator Loss  0.7769983410835266
Fake Accuracy  0.0
Real Accuracy  1.0
mean discrim rew =  737.1033316850662
mean discrim adv =  -1187.7889713048935
Mean returns per traj :  [0.7692307692307693, 1.0, 0.9230769230769231, -0.7692307692307693]
Std returns per traj :  [0.696568087549032, 0.8770580193070292, 0.9166442529086912, 0.696568087549032]
Discriminator Loss  0.7750754952430725
Fake Accuracy  0.0
Real Accuracy  1.0
mean discrim rew =  722.7053920030594
mean discrim adv =  -1202.213760972023
Mean returns per traj :  [0.7692307692307693, 1.1538461538461537, 1.0, -0.38461538461538464]
Std returns per traj :  [0.5756395979652217, 0.7692307692307693, 0.9607689228305228, 0.6249260311258431]
Discriminator Loss  0.7699792981147766
Fake Accuracy  0.0
Real Accuracy  1.0
mean discrim rew =  702.1185426712036
mean discrim adv =  -1222.5529985427856
Mean returns per traj :  [1.0, 1.1538461538461537, 1.1538461538461537, -0.6923076923076923]
Std returns per traj :  [0.6793662204867574, 1.166596222161777, 1.2307692307692308, 0.7216024245882199]
Discriminator Loss  0.765609085559845
Fake Accuracy  0.0
Real Accuracy  1.0
mean discrim rew =  684.5109701156616
mean discrim adv =  -1240.4077594280243
Mean returns per traj :  [0.9230769230769231, 1.0, 0.6923076923076923, -0.5384615384615384]
Std returns per traj :  [0.7297563831157798, 0.9607689228305228, 0.7216024245882199, 0.8426500884694864]
Discriminator Loss  0.7581341862678528
Fake Accuracy  0.0
Real Accuracy  1.0
mean discrim rew =  656.7010636329651
mean discrim adv =  -1268.1363916397095
Mean returns per traj :  [0.3076923076923077, 0.7692307692307693, 1.0769230769230769, -0.5384615384615384]
Std returns per traj :  [0.46153846153846156, 0.696568087549032, 1.2064913185660093, 0.8426500884694864]
Discriminator Loss  0.7566749453544617
Fake Accuracy  0.0
Real Accuracy  1.0
mean discrim rew =  644.0313746929169
mean discrim adv =  -1280.8022072315216
Mean returns per traj :  [1.0, 0.8461538461538461, 0.8461538461538461, -0.6923076923076923]
Std returns per traj :  [0.6793662204867574, 0.8634593969478326, 0.7692307692307693, 0.9101661204768638]
Discriminator Loss  0.7546557784080505
Fake Accuracy  0.0
Real Accuracy  1.0
mean discrim rew =  628.5961391925812
mean discrim adv =  -1296.2820036411285
Mean returns per traj :  [0.9230769230769231, 1.0, 0.8461538461538461, -0.6153846153846154]
Std returns per traj :  [0.9970370305242862, 0.9607689228305228, 0.8634593969478325, 0.6249260311258431]
Discriminator Loss  0.7504486441612244
Fake Accuracy  0.0
Real Accuracy  1.0
mean discrim rew =  608.7543425559998
mean discrim adv =  -1316.2323932647705
Mean returns per traj :  [0.9230769230769231, 0.6923076923076923, 1.3846153846153846, -0.38461538461538464]
Std returns per traj :  [1.1409536133993328, 0.910166120476864, 1.4432048491764398, 0.6249260311258431]
Discriminator Loss  0.7456960678100586
Fake Accuracy  0.0
Real Accuracy  1.0
mean discrim rew =  585.5334961414337
mean discrim adv =  -1339.1569101810455
Mean returns per traj :  [1.0, 1.1538461538461537, 0.8461538461538461, -0.7692307692307693]
Std returns per traj :  [1.3587324409735149, 0.9483713850721502, 0.6617173282340483, 0.5756395979652217]
Discriminator Loss  0.7419556379318237
Fake Accuracy  0.0
Real Accuracy  1.0
mean discrim rew =  568.0045148134232
mean discrim adv =  -1356.9745672941208
Mean returns per traj :  [0.7692307692307693, 0.8461538461538461, 1.2307692307692308, -0.8461538461538461]
Std returns per traj :  [0.7994080650317895, 0.7692307692307693, 1.2498520622516862, 0.6617173282340483]
Discriminator Loss  0.7374856472015381
Fake Accuracy  0.0
Real Accuracy  1.0
mean discrim rew =  546.5548164844513
mean discrim adv =  -1378.2847480773926
Mean returns per traj :  [0.6923076923076923, 1.4615384615384615, 1.0769230769230769, -0.5384615384615384]
Std returns per traj :  [0.8213137116947162, 1.0824036368823298, 0.8284868934053083, 0.8426500884694864]
Discriminator Loss  0.7374966144561768
Fake Accuracy  0.0
Real Accuracy  1.0
mean discrim rew =  536.8368636369705
mean discrim adv =  -1387.8829931020737
Mean returns per traj :  [1.0, 0.5384615384615384, 0.6153846153846154, -0.5384615384615384]
Std returns per traj :  [0.8770580193070292, 0.6343239424027171, 0.8355984993230935, 0.6343239424027171]
Discriminator Loss  0.7328723669052124
Fake Accuracy  0.0
Real Accuracy  1.0
mean discrim rew =  514.1253026723862
mean discrim adv =  -1410.8802641630173
Mean returns per traj :  [1.0769230769230769, 0.8461538461538461, 0.5384615384615384, -0.7692307692307693]
Std returns per traj :  [0.4741856925360751, 0.7692307692307693, 0.6343239424027171, 0.5756395979652217]
Discriminator Loss  0.7305799126625061
Fake Accuracy  0.0
Real Accuracy  1.0
mean discrim rew =  500.03881216049194
mean discrim adv =  -1424.8572688102722
Mean returns per traj :  [1.1538461538461537, 0.6923076923076923, 1.0769230769230769, -0.8461538461538461]
Std returns per traj :  [0.8634593969478326, 0.7216024245882199, 0.8284868934053085, 0.7692307692307693]
Discriminator Loss  0.7280079126358032
Fake Accuracy  0.0
Real Accuracy  1.0
mean discrim rew =  480.32656168937683
mean discrim adv =  -1444.44362783432
Mean returns per traj :  [0.38461538461538464, 1.6923076923076923, 1.1538461538461537, -0.8461538461538461]
Std returns per traj :  [0.6249260311258431, 1.065877420042386, 0.9483713850721502, 1.0986812966989001]
Discriminator Loss  0.7244157195091248
Fake Accuracy  0.0
Real Accuracy  1.0
mean discrim rew =  460.2462819814682
mean discrim adv =  -1464.567038655281
Mean returns per traj :  [0.7692307692307693, 1.2307692307692308, 0.7692307692307693, -0.7692307692307693]
Std returns per traj :  [0.7994080650317895, 0.9730085108210399, 0.696568087549032, 0.5756395979652217]
Discriminator Loss  0.7195839285850525
Fake Accuracy  0.0
Real Accuracy  1.0
mean discrim rew =  437.9033113718033
mean discrim adv =  -1486.4787687063217
Mean returns per traj :  [0.7692307692307693, 1.1538461538461537, 1.0769230769230769, -0.46153846153846156]
Std returns per traj :  [0.7994080650317896, 1.0262818510866412, 0.7297563831157798, 0.9294650748918902]
Discriminator Loss  0.7171659469604492
Fake Accuracy  0.0
Real Accuracy  1.0
mean discrim rew =  418.6870801448822
mean discrim adv =  -1505.6579012870789
Mean returns per traj :  [0.6153846153846154, 1.0769230769230769, 0.5384615384615384, -0.6923076923076923]
Std returns per traj :  [0.6249260311258431, 0.9166442529086912, 0.7457969011409737, 0.7216024245882199]
Discriminator Loss  0.7163558006286621
Fake Accuracy  0.0
Real Accuracy  1.0
mean discrim rew =  404.5108778476715
mean discrim adv =  -1520.1566348075867
Mean returns per traj :  [0.7692307692307693, 1.1538461538461537, 0.5384615384615384, -0.46153846153846156]
Std returns per traj :  [0.7994080650317895, 1.0262818510866412, 0.49851851526214314, 0.4985185152621431]
Discriminator Loss  0.7144122123718262
Fake Accuracy  0.0
Real Accuracy  1.0
mean discrim rew =  388.7820014953613
mean discrim adv =  -1536.216703414917
Mean returns per traj :  [1.2307692307692308, 1.1538461538461537, 0.8461538461538461, -0.5384615384615384]
Std returns per traj :  [0.7994080650317895, 0.8634593969478327, 0.8634593969478325, 0.4985185152621431]
Discriminator Loss  0.7104352116584778
Fake Accuracy  0.0
Real Accuracy  1.0
mean discrim rew =  370.2979782819748
mean discrim adv =  -1554.3225828409195
Mean returns per traj :  [0.6153846153846154, 0.6923076923076923, 0.9230769230769231, -0.3076923076923077]
Std returns per traj :  [0.6249260311258431, 0.7216024245882199, 1.2686478848054341, 0.46153846153846156]
Discriminator Loss  0.7114765048027039
Fake Accuracy  0.0
Real Accuracy  1.0
mean discrim rew =  353.4641658067703
mean discrim adv =  -1570.8549216985703
Mean returns per traj :  [1.1538461538461537, 1.3846153846153846, 1.0, -0.6923076923076923]
Std returns per traj :  [0.8634593969478326, 0.923076923076923, 0.7844645405527362, 0.7216024245882199]
Discriminator Loss  0.7062475085258484
Fake Accuracy  0.0
Real Accuracy  1.0
mean discrim rew =  331.00289011001587
mean discrim adv =  -1593.6685905456543
Mean returns per traj :  [1.0, 1.0769230769230769, 1.1538461538461537, -0.6923076923076923]
Std returns per traj :  [1.1766968108291043, 1.0714144828603167, 1.3499945211372497, 0.9101661204768638]
Discriminator Loss  0.7026808857917786
Fake Accuracy  0.0
Real Accuracy  1.0
mean discrim rew =  308.1371183395386
mean discrim adv =  -1616.7320718765259
Mean returns per traj :  [1.0, 1.1538461538461537, 0.8461538461538461, -0.6153846153846154]
Std returns per traj :  [1.1766968108291043, 1.2917581249035897, 0.8634593969478327, 0.737820234355803]
Discriminator Loss  0.7039523720741272
Fake Accuracy  0.0
Real Accuracy  1.0
mean discrim rew =  297.9056121110916
mean discrim adv =  -1626.6394280195236
Mean returns per traj :  [1.1538461538461537, 0.8461538461538461, 1.2307692307692308, -0.6153846153846154]
Std returns per traj :  [0.8634593969478327, 0.7692307692307693, 1.186711432349347, 0.6249260311258431]
Discriminator Loss  0.7011157870292664
Fake Accuracy  0.0
Real Accuracy  1.0
mean discrim rew =  280.9471158981323
mean discrim adv =  -1642.3506758213043
Mean returns per traj :  [1.0, 1.3846153846153846, 0.8461538461538461, -0.6923076923076923]
Std returns per traj :  [0.7844645405527362, 1.0769230769230769, 1.0262818510866412, 0.8213137116947163]
Discriminator Loss  0.7004872560501099
Fake Accuracy  0.0
Real Accuracy  1.0
mean discrim rew =  264.74838280677795
mean discrim adv =  -1660.0407536029816
Mean returns per traj :  [1.2307692307692308, 0.7692307692307693, 1.2307692307692308, -0.5384615384615384]
Std returns per traj :  [1.309952797378954, 0.890448992522325, 1.1200169060431568, 0.7457969011409737]
Discriminator Loss  0.6965523958206177
Fake Accuracy  0.0
Real Accuracy  1.0
mean discrim rew =  242.699236869812
mean discrim adv =  -1682.1477706432343
Mean returns per traj :  [0.8461538461538461, 1.0769230769230769, 1.1538461538461537, -0.46153846153846156]
Std returns per traj :  [0.8634593969478326, 1.071414482860317, 0.6617173282340483, 0.6343239424027171]
Discriminator Loss  0.6957789659500122
Fake Accuracy  0.0
Real Accuracy  1.0
mean discrim rew =  229.92032611370087
mean discrim adv =  -1695.111025929451
Mean returns per traj :  [1.0769230769230769, 0.8461538461538461, 0.6923076923076923, -0.9230769230769231]
Std returns per traj :  [1.1409536133993328, 0.9483713850721502, 0.6056929133855239, 0.9166442529086912]
Discriminator Loss  0.6937682032585144
Fake Accuracy  0.0
Real Accuracy  1.0
mean discrim rew =  212.56499183177948
mean discrim adv =  -1712.1216863393784
Mean returns per traj :  [1.0769230769230769, 1.1538461538461537, 1.3846153846153846, -0.46153846153846156]
Std returns per traj :  [0.7297563831157798, 0.7692307692307693, 1.002954216185023, 0.6343239424027171]
Discriminator Loss  0.6979983448982239
Fake Accuracy  0.0
Real Accuracy  0.99609375
mean discrim rew =  203.63133239746094
mean discrim adv =  -1720.8149983882904
Mean returns per traj :  [0.9230769230769231, 1.2307692307692308, 0.8461538461538461, -0.6923076923076923]
Std returns per traj :  [1.1409536133993328, 0.890448992522325, 0.9483713850721502, 0.6056929133855238]
Discriminator Loss  0.6943572759628296
Fake Accuracy  0.0
Real Accuracy  1.0
mean discrim rew =  183.600203871727
mean discrim adv =  -1736.361319899559
Mean returns per traj :  [0.7692307692307693, 1.3076923076923077, 1.0769230769230769, -0.46153846153846156]
Std returns per traj :  [0.890448992522325, 0.7216024245882199, 0.9970370305242862, 0.6343239424027171]
Discriminator Loss  0.6924204230308533
Fake Accuracy  0.0
Real Accuracy  1.0
mean discrim rew =  175.01018238067627
mean discrim adv =  -1749.161269903183
Mean returns per traj :  [1.1538461538461537, 1.0769230769230769, 1.2307692307692308, -0.6153846153846154]
Std returns per traj :  [1.0262818510866412, 0.9970370305242862, 0.9730085108210399, 1.002954216185023]
Discriminator Loss  0.6901470422744751
Fake Accuracy  0.0
Real Accuracy  1.0
mean discrim rew =  156.034241437912
mean discrim adv =  -1767.9060413837433
Mean returns per traj :  [0.6923076923076923, 1.1538461538461537, 1.3846153846153846, -0.7692307692307693]
Std returns per traj :  [0.6056929133855239, 1.0262818510866412, 0.8355984993230935, 0.5756395979652217]
Discriminator Loss  0.6912391185760498
Fake Accuracy  0.0
Real Accuracy  1.0
mean discrim rew =  140.99552607536316
mean discrim adv =  -1782.2375576496124
Mean returns per traj :  [1.0, 0.8461538461538461, 1.1538461538461537, -0.8461538461538461]
Std returns per traj :  [0.9607689228305228, 0.8634593969478326, 1.0262818510866412, 0.7692307692307693]
Discriminator Loss  0.6876811385154724
Fake Accuracy  0.0
Real Accuracy  1.0
mean discrim rew =  121.34635412693024
mean discrim adv =  -1798.8171082735062
Mean returns per traj :  [0.7692307692307693, 1.3076923076923077, 0.9230769230769231, -0.8461538461538461]
Std returns per traj :  [0.7994080650317895, 1.1357556200179537, 0.7297563831157798, 0.6617173282340483]
Discriminator Loss  0.6894034743309021
Fake Accuracy  0.0
Real Accuracy  1.0
mean discrim rew =  116.46967446804047
mean discrim adv =  -1807.0330349206924
Mean returns per traj :  [1.2307692307692308, 1.2307692307692308, 0.8461538461538461, -0.46153846153846156]
Std returns per traj :  [0.8904489925223251, 0.9730085108210398, 0.9483713850721502, 0.4985185152621431]
Discriminator Loss  0.6885742545127869
Fake Accuracy  0.0
Real Accuracy  1.0
mean discrim rew =  101.98435878753662
mean discrim adv =  -1822.0092718601227
Mean returns per traj :  [1.0, 0.8461538461538461, 1.4615384615384615, -0.6153846153846154]
Std returns per traj :  [0.7844645405527362, 0.8634593969478327, 1.08240363688233, 0.48650425541051995]
Discriminator Loss  0.6888577938079834
Fake Accuracy  0.0
Real Accuracy  1.0
mean discrim rew =  95.32650470733643
mean discrim adv =  -1828.5843358039856
Mean returns per traj :  [1.0769230769230769, 1.1538461538461537, 1.4615384615384615, -0.6153846153846154]
Std returns per traj :  [0.7297563831157798, 1.026281851086641, 1.08240363688233, 0.9230769230769231]
Discriminator Loss  0.6870271563529968
Fake Accuracy  0.0
Real Accuracy  1.0
mean discrim rew =  79.35837006568909
mean discrim adv =  -1845.7337543964386
Mean returns per traj :  [1.0, 0.7692307692307693, 1.2307692307692308, -0.5384615384615384]
Std returns per traj :  [0.6793662204867574, 0.7994080650317895, 0.9730085108210399, 0.6343239424027171]
Discriminator Loss  0.6860550045967102
Fake Accuracy  0.0
Real Accuracy  1.0
mean discrim rew =  64.81911039352417
mean discrim adv =  -1860.5689413547516
Mean returns per traj :  [0.46153846153846156, 0.7692307692307693, 1.1538461538461537, -0.8461538461538461]
Std returns per traj :  [0.49851851526214314, 0.7994080650317895, 1.0262818510866412, 0.8634593969478327]
Discriminator Loss  0.6877140998840332
Fake Accuracy  0.0
Real Accuracy  1.0
mean discrim rew =  64.60215640068054
mean discrim adv =  -1860.2124319076538
Mean returns per traj :  [1.4615384615384615, 1.0769230769230769, 0.9230769230769231, -0.46153846153846156]
Std returns per traj :  [1.336780553614059, 0.8284868934053083, 0.7297563831157798, 0.8426500884694863]
Discriminator Loss  0.6864193081855774
Fake Accuracy  0.0078125
Real Accuracy  1.0
mean discrim rew =  51.711045026779175
mean discrim adv =  -1873.0517313480377
Mean returns per traj :  [0.8461538461538461, 0.9230769230769231, 1.2307692307692308, -0.6923076923076923]
Std returns per traj :  [0.9483713850721501, 0.8284868934053083, 1.1200169060431568, 0.7216024245882199]
Discriminator Loss  0.684666097164154
Fake Accuracy  0.04296875
Real Accuracy  0.98828125
mean discrim rew =  36.120184659957886
mean discrim adv =  -1888.8570446968079
Mean returns per traj :  [1.0, 1.3846153846153846, 1.0, -0.38461538461538464]
Std returns per traj :  [0.7844645405527362, 1.0029542161850227, 0.9607689228305228, 0.48650425541051995]
Discriminator Loss  0.6856303811073303
Fake Accuracy  0.01171875
Real Accuracy  0.98046875
mean discrim rew =  30.124669075012207
mean discrim adv =  -1894.9526884555817
Mean returns per traj :  [1.3846153846153846, 0.7692307692307693, 1.0769230769230769, -0.6923076923076923]
Std returns per traj :  [1.4955555457864291, 0.8904489925223251, 0.9166442529086912, 0.6056929133855239]
Discriminator Loss  0.6822554469108582
Fake Accuracy  0.2578125
Real Accuracy  0.94921875
mean discrim rew =  15.585089206695557
mean discrim adv =  -1909.188287973404
Mean returns per traj :  [1.0, 1.0769230769230769, 1.3076923076923077, -0.5384615384615384]
Std returns per traj :  [0.7844645405527362, 0.8284868934053083, 1.135755620017954, 0.8426500884694864]
Discriminator Loss  0.6853710412979126
Fake Accuracy  0.23828125
Real Accuracy  0.9140625
mean discrim rew =  16.875991344451904
mean discrim adv =  -1907.4598088264465
Mean returns per traj :  [0.6153846153846154, 0.7692307692307693, 0.9230769230769231, -0.6153846153846154]
Std returns per traj :  [0.737820234355803, 0.7994080650317895, 0.9166442529086912, 0.8355984993230935]
Discriminator Loss  0.6815735697746277
Fake Accuracy  0.59765625
Real Accuracy  0.93359375
mean discrim rew =  -2.480473518371582
mean discrim adv =  -1926.83727145195
Mean returns per traj :  [0.9230769230769231, 0.9230769230769231, 0.8461538461538461, -0.6923076923076923]
Std returns per traj :  [0.8284868934053083, 0.7297563831157798, 0.7692307692307693, 0.7216024245882199]
Discriminator Loss  0.6849888563156128
Fake Accuracy  0.515625
Real Accuracy  0.78125
mean discrim rew =  -2.5885510444641113
mean discrim adv =  -1926.960765838623
Mean returns per traj :  [0.8461538461538461, 1.2307692307692308, 0.8461538461538461, -0.7692307692307693]
Std returns per traj :  [0.7692307692307693, 0.8904489925223249, 0.6617173282340483, 0.6965680875490321]
Discriminator Loss  0.6836804151535034
Fake Accuracy  0.7109375
Real Accuracy  0.7578125
mean discrim rew =  -12.725435733795166
mean discrim adv =  -1937.4806036949158
Mean returns per traj :  [1.1538461538461537, 0.8461538461538461, 1.0, -0.8461538461538461]
Std returns per traj :  [0.7692307692307693, 0.9483713850721502, 0.7844645405527362, 0.8634593969478327]
Discriminator Loss  0.6829050779342651
Fake Accuracy  0.87890625
Real Accuracy  0.6953125
mean discrim rew =  -21.28653573989868
mean discrim adv =  -1946.1544086933136
Mean returns per traj :  [0.7692307692307693, 0.7692307692307693, 0.5384615384615384, -0.5384615384615384]
Std returns per traj :  [1.049090899768143, 0.7994080650317896, 0.6343239424027171, 0.9294650748918902]
Discriminator Loss  0.6848660111427307
Fake Accuracy  0.74609375
Real Accuracy  0.6328125
mean discrim rew =  -20.905800342559814
mean discrim adv =  -1945.495569229126
Mean returns per traj :  [0.6153846153846154, 0.6153846153846154, 0.6153846153846154, -0.8461538461538461]
Std returns per traj :  [0.8355984993230935, 0.6249260311258431, 0.6249260311258431, 0.9483713850721502]
Discriminator Loss  0.6831319332122803
Fake Accuracy  0.90234375
Real Accuracy  0.59765625
mean discrim rew =  -26.085843324661255
mean discrim adv =  -1951.06485414505
Mean returns per traj :  [1.1538461538461537, 1.1538461538461537, 0.7692307692307693, -0.5384615384615384]
Std returns per traj :  [0.8634593969478327, 1.2917581249035897, 0.890448992522325, 0.6343239424027171]
Discriminator Loss  0.6849876046180725
Fake Accuracy  0.875
Real Accuracy  0.53515625
mean discrim rew =  -31.446420431137085
mean discrim adv =  -1956.196631193161
Mean returns per traj :  [1.1538461538461537, 0.6923076923076923, 0.5384615384615384, -0.6153846153846154]
Std returns per traj :  [1.0262818510866412, 0.8213137116947162, 0.8426500884694864, 0.737820234355803]
Discriminator Loss  0.6835128664970398
Fake Accuracy  0.93359375
Real Accuracy  0.453125
mean discrim rew =  -37.765843868255615
mean discrim adv =  -1962.228699207306
Mean returns per traj :  [1.0, 1.0, 0.9230769230769231, -0.9230769230769231]
Std returns per traj :  [0.9607689228305228, 0.7844645405527362, 1.071414482860317, 0.9970370305242863]
Discriminator Loss  0.681719958782196
Fake Accuracy  0.98828125
Real Accuracy  0.46484375
mean discrim rew =  -47.064435720443726
mean discrim adv =  -1971.8613719940186
Mean returns per traj :  [1.0769230769230769, 1.6153846153846154, 0.6923076923076923, -0.46153846153846156]
Std returns per traj :  [0.8284868934053083, 1.2733034890189885, 0.6056929133855239, 0.7457969011409736]
Discriminator Loss  0.6833666563034058
Fake Accuracy  0.98046875
Real Accuracy  0.38671875
mean discrim rew =  -44.92041540145874
mean discrim adv =  -1969.7116694450378
Mean returns per traj :  [0.3076923076923077, 0.7692307692307693, 1.4615384615384615, -0.3076923076923077]
Std returns per traj :  [0.8213137116947163, 0.7994080650317895, 1.3931361750980638, 0.46153846153846156]
Discriminator Loss  0.6884136199951172
Fake Accuracy  0.92578125
Real Accuracy  0.32421875
mean discrim rew =  -33.226160764694214
mean discrim adv =  -1957.9604668617249
Mean returns per traj :  [1.3076923076923077, 0.7692307692307693, 0.7692307692307693, -0.6153846153846154]
Std returns per traj :  [0.8213137116947163, 0.6965680875490321, 0.6965680875490321, 0.8355984993230935]
Discriminator Loss  0.6833907961845398
Fake Accuracy  0.98828125
Real Accuracy  0.3359375
mean discrim rew =  -51.098060131073
mean discrim adv =  -1975.8654012680054
Mean returns per traj :  [0.9230769230769231, 1.2307692307692308, 1.0, -0.46153846153846156]
Std returns per traj :  [0.9166442529086912, 0.890448992522325, 1.1766968108291043, 0.6343239424027171]
Discriminator Loss  0.6830634474754333
Fake Accuracy  1.0
Real Accuracy  0.29296875
mean discrim rew =  -58.91124153137207
mean discrim adv =  -1983.6357252597809
Mean returns per traj :  [1.0769230769230769, 0.9230769230769231, 1.2307692307692308, -0.6923076923076923]
Std returns per traj :  [0.7297563831157798, 0.6153846153846153, 1.049090899768143, 0.7216024245882199]
Discriminator Loss  0.6836704611778259
Fake Accuracy  1.0
Real Accuracy  0.19140625
mean discrim rew =  -58.267879009246826
mean discrim adv =  -1982.6862092018127
Mean returns per traj :  [1.2307692307692308, 1.1538461538461537, 0.6153846153846154, -0.6923076923076923]
Std returns per traj :  [1.0490908997681427, 0.9483713850721502, 0.48650425541051995, 0.6056929133855239]
Discriminator Loss  0.6846657395362854
Fake Accuracy  0.99609375
Real Accuracy  0.24609375
mean discrim rew =  -54.89296865463257
mean discrim adv =  -1979.8390712738037
Mean returns per traj :  [0.7692307692307693, 0.9230769230769231, 1.3076923076923077, -0.5384615384615384]
Std returns per traj :  [0.7994080650317895, 0.9970370305242863, 0.9910845174403942, 0.7457969011409737]
Discriminator Loss  0.6851389408111572
Fake Accuracy  1.0
Real Accuracy  0.19140625
mean discrim rew =  -55.05977272987366
mean discrim adv =  -1979.6956794261932
Mean returns per traj :  [0.8461538461538461, 0.8461538461538461, 1.1538461538461537, -1.0]
Std returns per traj :  [1.166596222161777, 0.8634593969478325, 0.8634593969478325, 0.9607689228305228]
Discriminator Loss  0.6850963830947876
Fake Accuracy  1.0
Real Accuracy  0.21875
mean discrim rew =  -56.61579370498657
mean discrim adv =  -1981.1833589076996
Mean returns per traj :  [1.4615384615384615, 0.6923076923076923, 1.1538461538461537, -1.0]
Std returns per traj :  [1.0088366960464616, 0.7216024245882199, 0.7692307692307693, 0.9607689228305228]
Discriminator Loss  0.6845774054527283
Fake Accuracy  0.98046875
Real Accuracy  0.22265625
mean discrim rew =  -56.52815818786621
mean discrim adv =  -1981.3234310150146
Mean returns per traj :  [0.8461538461538461, 0.7692307692307693, 1.3076923076923077, -0.46153846153846156]
Std returns per traj :  [0.6617173282340483, 0.8904489925223251, 1.065877420042386, 0.7457969011409736]
Discriminator Loss  0.6842883825302124
Fake Accuracy  0.99609375
Real Accuracy  0.1953125
mean discrim rew =  -59.25243425369263
mean discrim adv =  -1984.031592130661
Mean returns per traj :  [1.2307692307692308, 0.6153846153846154, 0.9230769230769231, -0.6153846153846154]
Std returns per traj :  [1.2498520622516862, 0.6249260311258431, 1.1409536133993328, 0.737820234355803]
Discriminator Loss  0.6818491816520691
Fake Accuracy  1.0
Real Accuracy  0.23046875
mean discrim rew =  -65.90199971199036
mean discrim adv =  -1990.686859846115
Mean returns per traj :  [0.9230769230769231, 0.6153846153846154, 0.6923076923076923, -0.46153846153846156]
Std returns per traj :  [0.7297563831157798, 1.002954216185023, 0.8213137116947163, 0.6343239424027171]
Discriminator Loss  0.6865390539169312
Fake Accuracy  1.0
Real Accuracy  0.18359375
mean discrim rew =  -54.55009412765503
mean discrim adv =  -1979.1866519451141