\BOOKMARK [0][-]{chapter.1}{Introduction}{}% 1
\BOOKMARK [0][-]{chapter.2}{\311tat de l'art}{}% 2
\BOOKMARK [0][-]{chapter.3}{Contributions}{}% 3
\BOOKMARK [0][-]{chapter.4}{R\351daction en LaTeX}{}% 4
\BOOKMARK [1][-]{section.4.1}{D\351coupage d'un chapitre}{chapter.4}% 5
\BOOKMARK [1][-]{section.4.2}{Listes}{chapter.4}% 6
\BOOKMARK [2][-]{subsection.4.2.1}{Listes \340 puces}{section.4.2}% 7
\BOOKMARK [2][-]{subsection.4.2.2}{Listes num\351rot\351es}{section.4.2}% 8
\BOOKMARK [2][-]{subsection.4.2.3}{Listes descriptives}{section.4.2}% 9
\BOOKMARK [2][-]{subsection.4.2.4}{Listes imbriqu\351es}{section.4.2}% 10
\BOOKMARK [1][-]{section.4.3}{Math\351matiques}{chapter.4}% 11
\BOOKMARK [1][-]{section.4.4}{Figures}{chapter.4}% 12
\BOOKMARK [2][-]{subsection.4.4.1}{Inclusion d'images}{section.4.4}% 13
\BOOKMARK [2][-]{subsection.4.4.2}{Dessin}{section.4.4}% 14
\BOOKMARK [1][-]{section.4.5}{Tables}{chapter.4}% 15
\BOOKMARK [1][-]{section.4.6}{Th\351or\350mes}{chapter.4}% 16
\BOOKMARK [1][-]{section.4.7}{Algorithmes et code}{chapter.4}% 17
\BOOKMARK [2][-]{subsection.4.7.1}{Algorithmes en pseudo-code}{section.4.7}% 18
\BOOKMARK [2][-]{subsection.4.7.2}{Listings : extraits de code source}{section.4.7}% 19
\BOOKMARK [0][-]{chapter.5}{Conclusion}{}% 20
\BOOKMARK [0][-]{appendix.A}{Cahier des charges}{}% 21
\BOOKMARK [0][-]{appendix.B}{Preuves d\351taill\351es }{}% 22
